QUERY PLAN
[
  {
    "Plan": {
      "Node Type": "Hash Join",
      "Join Type": "Inner",
      "Startup Cost": 30832.00,
      "Total Cost": 70728.00,
      "Plan Rows": 1000000,
      "Plan Width": 8,
      "Actual Startup Time": 191.735,
      "Actual Total Time": 764.180,
      "Actual Rows": 1000000,
      "Actual Loops": 1,
      "Output": ["tabulka3.id", "tabulka4.id"],
      "Hash Cond": "(tabulka3.id = tabulka4.id)",
      "Shared Hit Blocks": 8850,
      "Shared Read Blocks": 0,
      "Shared Dirtied Blocks": 0,
      "Shared Written Blocks": 0,
      "Local Hit Blocks": 0,
      "Local Read Blocks": 0,
      "Local Dirtied Blocks": 0,
      "Local Written Blocks": 0,
      "Temp Read Blocks": 5532,
      "Temp Written Blocks": 5502,
      "I/O Read Time": 0.000,
      "I/O Write Time": 0.000,
      "Plans": [
        {
          "Node Type": "Seq Scan",
          "Parent Relationship": "Outer",
          "Relation Name": "tabulka3",
          "Schema": "public",
          "Alias": "tabulka3",
          "Startup Cost": 0.00,
          "Total Cost": 14425.00,
          "Plan Rows": 1000000,
          "Plan Width": 4,
          "Actual Startup Time": 0.008,
          "Actual Total Time": 55.863,
          "Actual Rows": 1000000,
          "Actual Loops": 1,
          "Output": ["tabulka3.id"],
          "Shared Hit Blocks": 4425,
          "Shared Read Blocks": 0,
          "Shared Dirtied Blocks": 0,
          "Shared Written Blocks": 0,
          "Local Hit Blocks": 0,
          "Local Read Blocks": 0,
          "Local Dirtied Blocks": 0,
          "Local Written Blocks": 0,
          "Temp Read Blocks": 0,
          "Temp Written Blocks": 0,
          "I/O Read Time": 0.000,
          "I/O Write Time": 0.000
        },
        {
          "Node Type": "Hash",
          "Parent Relationship": "Inner",
          "Startup Cost": 14425.00,
          "Total Cost": 14425.00,
          "Plan Rows": 1000000,
          "Plan Width": 4,
          "Actual Startup Time": 189.154,
          "Actual Total Time": 189.154,
          "Actual Rows": 1000000,
          "Actual Loops": 1,
          "Output": ["tabulka4.id"],
          "Hash Buckets": 131072,
          "Original Hash Buckets": 131072,
          "Hash Batches": 16,
          "Original Hash Batches": 16,
          "Peak Memory Usage": 3227,
          "Shared Hit Blocks": 4425,
          "Shared Read Blocks": 0,
          "Shared Dirtied Blocks": 0,
          "Shared Written Blocks": 0,
          "Local Hit Blocks": 0,
          "Local Read Blocks": 0,
          "Local Dirtied Blocks": 0,
          "Local Written Blocks": 0,
          "Temp Read Blocks": 0,
          "Temp Written Blocks": 2736,
          "I/O Read Time": 0.000,
          "I/O Write Time": 0.000,
          "Plans": [
            {
              "Node Type": "Seq Scan",
              "Parent Relationship": "Outer",
              "Relation Name": "tabulka4",
              "Schema": "public",
              "Alias": "tabulka4",
              "Startup Cost": 0.00,
              "Total Cost": 14425.00,
              "Plan Rows": 1000000,
              "Plan Width": 4,
              "Actual Startup Time": 0.004,
              "Actual Total Time": 61.739,
              "Actual Rows": 1000000,
              "Actual Loops": 1,
              "Output": ["tabulka4.id"],
              "Shared Hit Blocks": 4425,
              "Shared Read Blocks": 0,
              "Shared Dirtied Blocks": 0,
              "Shared Written Blocks": 0,
              "Local Hit Blocks": 0,
              "Local Read Blocks": 0,
              "Local Dirtied Blocks": 0,
              "Local Written Blocks": 0,
              "Temp Read Blocks": 0,
              "Temp Written Blocks": 0,
              "I/O Read Time": 0.000,
              "I/O Write Time": 0.000
            }
          ]
        }
      ]
    },
    "Planning Time": 0.089,
    "Triggers": [
    ],
    "Execution Time": 786.271
  }
]
